#
# There is insufficient memory for the Java Runtime Environment to continue.
# Native memory allocation (malloc) failed to allocate 1159104 bytes for Chunk::new
# Possible reasons:
#   The system is out of physical RAM or swap space
#   In 32 bit mode, the process size limit was hit
# Possible solutions:
#   Reduce memory load on the system
#   Increase physical memory or swap space
#   Check if swap backing store is full
#   Use 64 bit Java on a 64 bit OS
#   Decrease Java heap size (-Xmx/-Xms)
#   Decrease number of Java threads
#   Decrease Java thread stack sizes (-Xss)
#   Set larger code cache with -XX:ReservedCodeCacheSize=
# This output file may be truncated or incomplete.
#
#  Out of Memory Error (allocation.cpp:390), pid=20332, tid=0x0000000000004624
#
# JRE version: Java(TM) SE Runtime Environment (8.0_121-b13) (build 1.8.0_121-b13)
# Java VM: Java HotSpot(TM) 64-Bit Server VM (25.121-b13 mixed mode windows-amd64 compressed oops)
# Failed to write core dump. Minidumps are not enabled by default on client versions of Windows
#

---------------  T H R E A D  ---------------

Current thread (0x000000001bd9f000):  JavaThread "C2 CompilerThread0" daemon [_thread_in_native, id=17956, stack(0x000000001d400000,0x000000001d500000)]

Stack: [0x000000001d400000,0x000000001d500000]
[error occurred during error reporting (printing stack bounds), id 0xc0000005]

Native frames: (J=compiled Java code, j=interpreted, Vv=VM code, C=native code)


Current CompileTask:
C2:   2513 2343   !   4       org.codehaus.plexus.interpolation.StringSearchInterpolator::interpolate (655 bytes)


---------------  P R O C E S S  ---------------

Java Threads: ( => current thread )
  0x000000001d720800 JavaThread "Service Thread" daemon [_thread_blocked, id=7196, stack(0x000000001db00000,0x000000001dc00000)]
  0x000000001bda8800 JavaThread "C1 CompilerThread2" daemon [_thread_blocked, id=22904, stack(0x000000001d600000,0x000000001d700000)]
  0x000000001bda5800 JavaThread "C2 CompilerThread1" daemon [_thread_in_native, id=2028, stack(0x000000001d500000,0x000000001d600000)]
=>0x000000001bd9f000 JavaThread "C2 CompilerThread0" daemon [_thread_in_native, id=17956, stack(0x000000001d400000,0x000000001d500000)]
  0x000000001bd9d000 JavaThread "Attach Listener" daemon [_thread_blocked, id=19004, stack(0x000000001d300000,0x000000001d400000)]
  0x000000001bd9b800 JavaThread "Signal Dispatcher" daemon [_thread_blocked, id=18212, stack(0x000000001d200000,0x000000001d300000)]
  0x000000001bd8a000 JavaThread "Finalizer" daemon [_thread_blocked, id=11776, stack(0x000000001cff0000,0x000000001d0f0000)]
  0x00000000027c1000 JavaThread "Reference Handler" daemon [_thread_blocked, id=20024, stack(0x000000001cef0000,0x000000001cff0000)]
  0x00000000026ce000 JavaThread "main" [_thread_in_Java, id=23260, stack(0x0000000002530000,0x0000000002630000)]

Other Threads:
  0x000000001bd67800 VMThread [stack: 0x000000001cdf0000,0x000000001cef0000] [id=16876]
  0x000000001d74f000 WatcherThread [stack: 0x000000001dc00000,0x000000001dd00000] [id=1196]

VM state:not at safepoint (normal execution)

VM Mutex/Monitor currently owned by a thread: None

Heap:
 PSYoungGen      total 76288K, used 40037K [0x000000076b400000, 0x0000000770900000, 0x00000007c0000000)
  eden space 65536K, 44% used [0x000000076b400000,0x000000076d09e328,0x000000076f400000)
  from space 10752K, 99% used [0x000000076fe80000,0x00000007708fb330,0x0000000770900000)
  to   space 10752K, 0% used [0x000000076f400000,0x000000076f400000,0x000000076fe80000)
 ParOldGen       total 175104K, used 1135K [0x00000006c1c00000, 0x00000006cc700000, 0x000000076b400000)
  object space 175104K, 0% used [0x00000006c1c00000,0x00000006c1d1bd18,0x00000006cc700000)
 Metaspace       used 15136K, capacity 15480K, committed 15744K, reserved 1062912K
  class space    used 1819K, capacity 1918K, committed 1920K, reserved 1048576K

Card table byte_map: [0x0000000011b90000,0x0000000012390000] byte_map_base: 0x000000000e582000

Marking Bits: (ParMarkBitMap*) 0x000000007380b6d0
 Begin Bits: [0x0000000012ce0000, 0x0000000016c70000)
 End Bits:   [0x0000000016c70000, 0x000000001ac00000)

Polling page: 0x0000000000de0000

CodeCache: size=245760Kb used=8970Kb max_used=8971Kb free=236789Kb
 bounds [0x00000000027d0000, 0x00000000030a0000, 0x00000000117d0000]
 total_blobs=2923 nmethods=2583 adapters=252
 compilation: enabled

Compilation events (10 events):
Event: 2.509 Thread 0x000000001bda8800 2588  s    3       java.util.Hashtable::keys (6 bytes)
Event: 2.509 Thread 0x000000001bda5800 nmethod 2569 0x0000000003097190 code [0x00000000030972c0, 0x0000000003097398]
Event: 2.509 Thread 0x000000001bda5800 2591       4       com.google.inject.internal.Errors::checkForNull (238 bytes)
Event: 2.509 Thread 0x000000001bda8800 nmethod 2588 0x000000000309c190 code [0x000000000309c320, 0x000000000309c7a8]
Event: 2.509 Thread 0x000000001bda8800 2589       3       java.util.Hashtable::getEnumeration (22 bytes)
Event: 2.509 Thread 0x000000001bda8800 nmethod 2589 0x000000000309bc90 code [0x000000000309be00, 0x000000000309c0a8]
Event: 2.509 Thread 0x000000001bda8800 2590       1       java.util.Collections$EmptyEnumeration::hasMoreElements (2 bytes)
Event: 2.509 Thread 0x000000001bda8800 nmethod 2590 0x0000000003096ed0 code [0x0000000003097020, 0x0000000003097130]
Event: 2.510 Thread 0x000000001bda8800 2592   !   3       java.util.AbstractMap::equals (145 bytes)
Event: 2.510 Thread 0x000000001bda8800 nmethod 2592 0x000000000309a390 code [0x000000000309a600, 0x000000000309b678]

GC Heap History (4 events):
Event: 1.218 GC heap before
{Heap before GC invocations=1 (full 0):
 PSYoungGen      total 76288K, used 65536K [0x000000076b400000, 0x0000000770900000, 0x00000007c0000000)
  eden space 65536K, 100% used [0x000000076b400000,0x000000076f400000,0x000000076f400000)
  from space 10752K, 0% used [0x000000076fe80000,0x000000076fe80000,0x0000000770900000)
  to   space 10752K, 0% used [0x000000076f400000,0x000000076f400000,0x000000076fe80000)
 ParOldGen       total 175104K, used 0K [0x00000006c1c00000, 0x00000006cc700000, 0x000000076b400000)
  object space 175104K, 0% used [0x00000006c1c00000,0x00000006c1c00000,0x00000006cc700000)
 Metaspace       used 11713K, capacity 11898K, committed 12160K, reserved 1060864K
  class space    used 1479K, capacity 1577K, committed 1664K, reserved 1048576K
Event: 1.228 GC heap after
Heap after GC invocations=1 (full 0):
 PSYoungGen      total 76288K, used 9924K [0x000000076b400000, 0x0000000770900000, 0x00000007c0000000)
  eden space 65536K, 0% used [0x000000076b400000,0x000000076b400000,0x000000076f400000)
  from space 10752K, 92% used [0x000000076f400000,0x000000076fdb13f8,0x000000076fe80000)
  to   space 10752K, 0% used [0x000000076fe80000,0x000000076fe80000,0x0000000770900000)
 ParOldGen       total 175104K, used 16K [0x00000006c1c00000, 0x00000006cc700000, 0x000000076b400000)
  object space 175104K, 0% used [0x00000006c1c00000,0x00000006c1c04000,0x00000006cc700000)
 Metaspace       used 11713K, capacity 11898K, committed 12160K, reserved 1060864K
  class space    used 1479K, capacity 1577K, committed 1664K, reserved 1048576K
}
Event: 2.181 GC heap before
{Heap before GC invocations=2 (full 0):
 PSYoungGen      total 76288K, used 75460K [0x000000076b400000, 0x0000000770900000, 0x00000007c0000000)
  eden space 65536K, 100% used [0x000000076b400000,0x000000076f400000,0x000000076f400000)
  from space 10752K, 92% used [0x000000076f400000,0x000000076fdb13f8,0x000000076fe80000)
  to   space 10752K, 0% used [0x000000076fe80000,0x000000076fe80000,0x0000000770900000)
 ParOldGen       total 175104K, used 16K [0x00000006c1c00000, 0x00000006cc700000, 0x000000076b400000)
  object space 175104K, 0% used [0x00000006c1c00000,0x00000006c1c04000,0x00000006cc700000)
 Metaspace       used 14957K, capacity 15258K, committed 15488K, reserved 1062912K
  class space    used 1814K, capacity 1913K, committed 1920K, reserved 1048576K
Event: 2.194 GC heap after
Heap after GC invocations=2 (full 0):
 PSYoungGen      total 76288K, used 10732K [0x000000076b400000, 0x0000000770900000, 0x00000007c0000000)
  eden space 65536K, 0% used [0x000000076b400000,0x000000076b400000,0x000000076f400000)
  from space 10752K, 99% used [0x000000076fe80000,0x00000007708fb330,0x0000000770900000)
  to   space 10752K, 0% used [0x000000076f400000,0x000000076f400000,0x000000076fe80000)
 ParOldGen       total 175104K, used 1135K [0x00000006c1c00000, 0x00000006cc700000, 0x000000076b400000)
  object space 175104K, 0% used [0x00000006c1c00000,0x00000006c1d1bd18,0x00000006cc700000)
 Metaspace       used 14957K, capacity 15258K, committed 15488K, reserved 1062912K
  class space    used 1814K, capacity 1913K, committed 1920K, reserved 1048576K
}

Deoptimization events (10 events):
Event: 2.299 Thread 0x00000000026ce000 Uncommon trap: reason=bimorphic action=maybe_recompile pc=0x0000000002ecc6f0 method=java.util.regex.Pattern$BmpCharProperty.match(Ljava/util/regex/Matcher;ILjava/lang/CharSequence;)Z @ 16
Event: 2.299 Thread 0x00000000026ce000 Uncommon trap: reason=bimorphic action=maybe_recompile pc=0x0000000002ecc6f0 method=java.util.regex.Pattern$BmpCharProperty.match(Ljava/util/regex/Matcher;ILjava/lang/CharSequence;)Z @ 16
Event: 2.300 Thread 0x00000000026ce000 Uncommon trap: reason=class_check action=maybe_recompile pc=0x0000000002f90858 method=org.apache.maven.model.interpolation.StringSearchModelInterpolator$InterpolateObjectAction$MapField.doInterpolate(Ljava/lang/Object;Lorg/apache/maven/model/interpolation
Event: 2.340 Thread 0x00000000026ce000 Uncommon trap: reason=unstable_if action=reinterpret pc=0x0000000002f847f0 method=org.codehaus.plexus.util.xml.pull.MXParser.nextImpl()I @ 280
Event: 2.445 Thread 0x00000000026ce000 Uncommon trap: reason=speculate_class_check action=maybe_recompile pc=0x0000000002dd5a14 method=java.nio.charset.CharsetDecoder.decode(Ljava/nio/ByteBuffer;Ljava/nio/CharBuffer;Z)Ljava/nio/charset/CoderResult; @ 57
Event: 2.445 Thread 0x00000000026ce000 Uncommon trap: reason=predicate action=maybe_recompile pc=0x0000000002a88458 method=java.nio.charset.CharsetDecoder.decode(Ljava/nio/ByteBuffer;Ljava/nio/CharBuffer;Z)Ljava/nio/charset/CoderResult; @ 54
Event: 2.446 Thread 0x00000000026ce000 Uncommon trap: reason=speculate_class_check action=maybe_recompile pc=0x0000000002dd5a14 method=java.nio.charset.CharsetDecoder.decode(Ljava/nio/ByteBuffer;Ljava/nio/CharBuffer;Z)Ljava/nio/charset/CoderResult; @ 57
Event: 2.447 Thread 0x00000000026ce000 Uncommon trap: reason=speculate_class_check action=maybe_recompile pc=0x0000000002dd5a14 method=java.nio.charset.CharsetDecoder.decode(Ljava/nio/ByteBuffer;Ljava/nio/CharBuffer;Z)Ljava/nio/charset/CoderResult; @ 57
Event: 2.447 Thread 0x00000000026ce000 Uncommon trap: reason=speculate_class_check action=maybe_recompile pc=0x0000000002dd5a14 method=java.nio.charset.CharsetDecoder.decode(Ljava/nio/ByteBuffer;Ljava/nio/CharBuffer;Z)Ljava/nio/charset/CoderResult; @ 57
Event: 2.466 Thread 0x00000000026ce000 Uncommon trap: reason=unstable_if action=reinterpret pc=0x0000000002f56a3c method=org.apache.maven.model.io.xpp3.MavenXpp3Reader.nextTag(Lorg/codehaus/plexus/util/xml/pull/XmlPullParser;)I @ 9

Internal exceptions (10 events):
Event: 1.429 Thread 0x00000000026ce000 Implicit null exception at 0x000000000298b05b to 0x000000000298b245
Event: 1.475 Thread 0x00000000026ce000 Exception <a 'java/lang/NullPointerException'> (0x000000076bef2f20) thrown at [C:\re\workspace\8-2-build-windows-amd64-cygwin\jdk8u121\8372\hotspot\src\share\vm\interpreter\linkResolver.cpp, line 1178]
Event: 1.475 Thread 0x00000000026ce000 Exception <a 'java/lang/NullPointerException'> (0x000000076bef3138) thrown at [C:\re\workspace\8-2-build-windows-amd64-cygwin\jdk8u121\8372\hotspot\src\share\vm\interpreter\linkResolver.cpp, line 1178]
Event: 1.475 Thread 0x00000000026ce000 Exception <a 'java/lang/NullPointerException'> (0x000000076bef3350) thrown at [C:\re\workspace\8-2-build-windows-amd64-cygwin\jdk8u121\8372\hotspot\src\share\vm\interpreter\linkResolver.cpp, line 1178]
Event: 1.476 Thread 0x00000000026ce000 Exception <a 'java/lang/NullPointerException'> (0x000000076bf0b368) thrown at [C:\re\workspace\8-2-build-windows-amd64-cygwin\jdk8u121\8372\hotspot\src\share\vm\interpreter\linkResolver.cpp, line 1178]
Event: 1.476 Thread 0x00000000026ce000 Exception <a 'java/lang/NullPointerException'> (0x000000076bf0b580) thrown at [C:\re\workspace\8-2-build-windows-amd64-cygwin\jdk8u121\8372\hotspot\src\share\vm\interpreter\linkResolver.cpp, line 1178]
Event: 1.476 Thread 0x00000000026ce000 Exception <a 'java/lang/NullPointerException'> (0x000000076bf0b798) thrown at [C:\re\workspace\8-2-build-windows-amd64-cygwin\jdk8u121\8372\hotspot\src\share\vm\interpreter\linkResolver.cpp, line 1178]
Event: 1.702 Thread 0x00000000026ce000 Implicit null exception at 0x0000000002db3131 to 0x0000000002db441d
Event: 2.027 Thread 0x00000000026ce000 Implicit null exception at 0x0000000002ac9955 to 0x0000000002ac9b59
Event: 2.046 Thread 0x00000000026ce000 Implicit null exception at 0x0000000002f2f343 to 0x0000000002f2f58d

Events (10 events):
Event: 2.489 Thread 0x00000000026ce000 DEOPT PACKING pc=0x000000000306f30c sp=0x000000000262c450
Event: 2.489 Thread 0x00000000026ce000 DEOPT UNPACKING pc=0x000000000281787f sp=0x000000000262c268 mode 0
Event: 2.489 Thread 0x00000000026ce000 DEOPT PACKING pc=0x000000000306f30c sp=0x000000000262c450
Event: 2.489 Thread 0x00000000026ce000 DEOPT UNPACKING pc=0x000000000281787f sp=0x000000000262c268 mode 0
Event: 2.489 Thread 0x00000000026ce000 DEOPT PACKING pc=0x000000000306f30c sp=0x000000000262c5c0
Event: 2.489 Thread 0x00000000026ce000 DEOPT UNPACKING pc=0x000000000281787f sp=0x000000000262c3d8 mode 0
Event: 2.489 Thread 0x00000000026ce000 DEOPT PACKING pc=0x000000000306f30c sp=0x000000000262c380
Event: 2.489 Thread 0x00000000026ce000 DEOPT UNPACKING pc=0x000000000281787f sp=0x000000000262c198 mode 0
Event: 2.489 Thread 0x00000000026ce000 DEOPT PACKING pc=0x000000000306f30c sp=0x000000000262c5d0
Event: 2.489 Thread 0x00000000026ce000 DEOPT UNPACKING pc=0x000000000281787f sp=0x000000000262c3e8 mode 0


Dynamic libraries:
0x00007ff724b30000 - 0x00007ff724b67000 	C:\Program Files\Java\jdk1.8.0_121\bin\javaw.exe
0x00007ffdade10000 - 0x00007ffdadff1000 	C:\WINDOWS\SYSTEM32\ntdll.dll
0x00007ffdad1b0000 - 0x00007ffdad262000 	C:\WINDOWS\System32\KERNEL32.DLL
0x00007ffdaaea0000 - 0x00007ffdab113000 	C:\WINDOWS\System32\KERNELBASE.dll
0x00007ffdad310000 - 0x00007ffdad3b1000 	C:\WINDOWS\System32\ADVAPI32.dll
0x00007ffdad270000 - 0x00007ffdad30e000 	C:\WINDOWS\System32\msvcrt.dll
0x00007ffdacf50000 - 0x00007ffdacfab000 	C:\WINDOWS\System32\sechost.dll
0x00007ffdad810000 - 0x00007ffdad934000 	C:\WINDOWS\System32\RPCRT4.dll
0x00007ffdab300000 - 0x00007ffdab490000 	C:\WINDOWS\System32\USER32.dll
0x00007ffdaa280000 - 0x00007ffdaa2a0000 	C:\WINDOWS\System32\win32u.dll
0x00007ffdab6a0000 - 0x00007ffdab6c8000 	C:\WINDOWS\System32\GDI32.dll
0x00007ffdaa2a0000 - 0x00007ffdaa432000 	C:\WINDOWS\System32\gdi32full.dll
0x00007ffdaa1e0000 - 0x00007ffdaa27f000 	C:\WINDOWS\System32\msvcp_win.dll
0x00007ffdab120000 - 0x00007ffdab21a000 	C:\WINDOWS\System32\ucrtbase.dll
0x00007ffda9050000 - 0x00007ffda92b9000 	C:\WINDOWS\WinSxS\amd64_microsoft.windows.common-controls_6595b64144ccf1df_6.0.17134.167_none_fb4496d930639c5a\COMCTL32.dll
0x00007ffdad940000 - 0x00007ffdadc63000 	C:\WINDOWS\System32\combase.dll
0x00007ffdab220000 - 0x00007ffdab29a000 	C:\WINDOWS\System32\bcryptPrimitives.dll
0x00007ffdacf20000 - 0x00007ffdacf4d000 	C:\WINDOWS\System32\IMM32.DLL
0x0000000073890000 - 0x0000000073962000 	C:\Program Files\Java\jdk1.8.0_121\jre\bin\msvcr100.dll
0x0000000072ff0000 - 0x000000007388b000 	C:\Program Files\Java\jdk1.8.0_121\jre\bin\server\jvm.dll
0x00007ffdab870000 - 0x00007ffdab878000 	C:\WINDOWS\System32\PSAPI.DLL
0x00007ffda8040000 - 0x00007ffda8063000 	C:\WINDOWS\SYSTEM32\WINMM.dll
0x00007ffd988e0000 - 0x00007ffd988e9000 	C:\WINDOWS\SYSTEM32\WSOCK32.dll
0x00007ffdadc80000 - 0x00007ffdadcec000 	C:\WINDOWS\System32\WS2_32.dll
0x00007ffd9c370000 - 0x00007ffd9c37a000 	C:\WINDOWS\SYSTEM32\VERSION.dll
0x00007ffda8010000 - 0x00007ffda803a000 	C:\WINDOWS\SYSTEM32\WINMMBASE.dll
0x00007ffdaa4a0000 - 0x00007ffdaa4e9000 	C:\WINDOWS\System32\cfgmgr32.dll
0x0000000073d50000 - 0x0000000073d5f000 	C:\Program Files\Java\jdk1.8.0_121\jre\bin\verify.dll
0x0000000072fc0000 - 0x0000000072fe9000 	C:\Program Files\Java\jdk1.8.0_121\jre\bin\java.dll
0x0000000072fa0000 - 0x0000000072fb6000 	C:\Program Files\Java\jdk1.8.0_121\jre\bin\zip.dll
0x00007ffdab880000 - 0x00007ffdaccc0000 	C:\WINDOWS\System32\SHELL32.dll
0x00007ffdab490000 - 0x00007ffdab539000 	C:\WINDOWS\System32\shcore.dll
0x00007ffdaa790000 - 0x00007ffdaae9d000 	C:\WINDOWS\System32\windows.storage.dll
0x00007ffdacec0000 - 0x00007ffdacf11000 	C:\WINDOWS\System32\shlwapi.dll
0x00007ffdaa1a0000 - 0x00007ffdaa1b1000 	C:\WINDOWS\System32\kernel.appcore.dll
0x00007ffdaa1c0000 - 0x00007ffdaa1df000 	C:\WINDOWS\System32\profapi.dll
0x00007ffdaa140000 - 0x00007ffdaa18c000 	C:\WINDOWS\System32\powrprof.dll
0x00007ffdaa190000 - 0x00007ffdaa19a000 	C:\WINDOWS\System32\FLTLIB.DLL
0x0000000072f70000 - 0x0000000072f8a000 	C:\Program Files\Java\jdk1.8.0_121\jre\bin\net.dll
0x00007ffda9940000 - 0x00007ffda99a6000 	C:\WINDOWS\system32\mswsock.dll
0x0000000072f50000 - 0x0000000072f61000 	C:\Program Files\Java\jdk1.8.0_121\jre\bin\nio.dll

VM Arguments:
jvm_args: -Dmaven.home=EMBEDDED -Dclassworlds.conf=C:\lorena\OPES\workspace_OPES\workspace_optimus_precia\.metadata\.plugins\org.eclipse.m2e.launching\launches\m2conf3781092405089313455.tmp -Dmaven.multiModuleProjectDirectory=C:\lorena\OPES\git\OPTIMUS_PRIME\SERVICE_VALORACION_PRECIA\CODIGO\ServiceValoracion -Dfile.encoding=Cp1252 
java_command: org.codehaus.plexus.classworlds.launcher.Launcher -B install
java_class_path (initial): /C:/lorena/Instaladores/eclipse/eclipse/plugins/org.eclipse.m2e.maven.runtime_1.7.0.20160603-1931/jars/plexus-classworlds-2.5.2.jar
Launcher Type: SUN_STANDARD

Environment Variables:
JAVA_HOME=C:\Program Files\Java\jdk1.8.0_121
CLASSPATH=C:\Program Files\Java\jdk1.8.0_121\src.zip
PATH=C:/Program Files/Java/jre1.8.0_191/bin/server;C:/Program Files/Java/jre1.8.0_191/bin;C:/Program Files/Java/jre1.8.0_191/lib/amd64;C:\Program Files (x86)\Common Files\Oracle\Java\javapath;C:\Program Files (x86)\Intel\Intel(R) Management Engine Components\iCLS\;C:\Program Files\Intel\Intel(R) Management Engine Components\iCLS\;C:\WINDOWS\system32;C:\WINDOWS;C:\WINDOWS\System32\Wbem;C:\WINDOWS\System32\WindowsPowerShell\v1.0\;C:\Program Files (x86)\Intel\Intel(R) Management Engine Components\DAL;C:\Program Files\Intel\Intel(R) Management Engine Components\DAL;C:\Program Files (x86)\Intel\Intel(R) Management Engine Components\IPT;C:\Program Files\Intel\Intel(R) Management Engine Components\IPT;C:\WINDOWS\System32\OpenSSH\;C:\Program Files (x86)\Brackets\command;C:\Program Files\Git\cmd;"C:\Users\ana_pachon\AppData\Local\Microsoft\WindowsApp;C:\Program Files\Java\jdk1.8.0_121\bin;C:\apache-maven-3.0.5\bin;";;C:\WINDOWS\system32;
USERNAME=ana_pachon
OS=Windows_NT
PROCESSOR_IDENTIFIER=Intel64 Family 6 Model 94 Stepping 3, GenuineIntel



---------------  S Y S T E M  ---------------

OS: Windows 10.0 , 64 bit Build 17134 (10.0.17134.1)

CPU:total 4 (4 cores per cpu, 1 threads per core) family 6 model 94 stepping 3, cmov, cx8, fxsr, mmx, sse, sse2, sse3, ssse3, sse4.1, sse4.2, popcnt, avx, avx2, aes, clmul, erms, rtm, 3dnowpref, lzcnt, tsc, tscinvbit, bmi1, bmi2, adx

Memory: 4k page, physical 16656436k(6862652k free), swap 17680436k(5704k free)

vm_info: Java HotSpot(TM) 64-Bit Server VM (25.121-b13) for windows-amd64 JRE (1.8.0_121-b13), built on Dec 12 2016 18:21:36 by "java_re" with MS VC++ 10.0 (VS2010)

time: Fri Nov 16 08:35:22 2018
elapsed time: 2 seconds (0d 0h 0m 2s)

